<?xml version="1.0" encoding="UTF-8"?>
<!-- Generated by org.testng.reporters.JUnitReportReporter -->
<testsuite skipped="0" hostname="DESKTOP-5JOCHJR" name="com.axisbank.tests.GrabTheDealsTest" tests="1" failures="0" timestamp="2021-12-18T16:32:42 IST" time="50.698" errors="0">
  <testcase name="GrabTheDealsTests" time="50.698" classname="com.axisbank.tests.GrabTheDealsTest"/>
  <system-out/>
</testsuite> <!-- com.axisbank.tests.GrabTheDealsTest -->
