<?xml version="1.0" encoding="UTF-8"?>
<!-- Generated by org.testng.reporters.JUnitReportReporter -->
<testsuite skipped="0" hostname="DESKTOP-5JOCHJR" name="com.axisbank.tests.AxisHomePageTest" tests="1" failures="0" timestamp="2021-12-18T10:56:53 IST" time="29.400" errors="0">
  <testcase name="tc_01" time="29.400" classname="com.axisbank.tests.AxisHomePageTest"/>
  <system-out/>
</testsuite> <!-- com.axisbank.tests.AxisHomePageTest -->
