<?xml version="1.0" encoding="UTF-8"?>
<!-- Generated by org.testng.reporters.JUnitReportReporter -->
<testsuite skipped="0" hostname="DESKTOP-5JOCHJR" name="com.axisbank.tests.LoginToHomePage" tests="1" failures="0" timestamp="2021-12-16T11:49:33 IST" time="13.890" errors="0">
  <testcase name="CheckTheLoginURL" time="13.890" classname="com.axisbank.tests.LoginToHomePage"/>
  <system-out/>
</testsuite> <!-- com.axisbank.tests.LoginToHomePage -->
